<?xml version="1.0" encoding="UTF-8"?>
<!-- Generated by org.testng.reporters.JUnitReportReporter -->
<testsuite hostname="DESKTOP-VO7B2M6" name="org.testing.TestScripts.TC1" tests="1" failures="0" timestamp="28 Apr 2022 06:36:26 GMT" time="55.300" errors="0">
  <testcase name="testcase1" time="55.300" classname="org.testing.TestScripts.TC1"/>
</testsuite> <!-- org.testing.TestScripts.TC1 -->
