<?xml version="1.0" encoding="UTF-8"?>
<!-- Generated by org.testng.reporters.JUnitReportReporter -->
<testsuite hostname="DESKTOP-VO7B2M6" name="org.testing.TestScripts.TC8" tests="1" failures="0" timestamp="28 Apr 2022 07:09:35 GMT" time="44.428" errors="0">
  <testcase name="testcase1" time="44.428" classname="org.testing.TestScripts.TC8"/>
</testsuite> <!-- org.testing.TestScripts.TC8 -->
